<?xml version="1.0" encoding="UTF-8"?>
<testng-results ignored="0" total="1" passed="1" failed="0" skipped="0">
  <reporter-output>
  </reporter-output>
  <suite started-at="2024-06-19T09:29:40 IST" name="Default suite" finished-at="2024-06-19T09:31:16 IST" duration-ms="96103">
    <groups>
    </groups>
    <test started-at="2024-06-19T09:29:40 IST" name="Default test" finished-at="2024-06-19T09:31:16 IST" duration-ms="96103">
      <class name="royalBrother.RentalRide1">
        <test-method is-config="true" signature="setup()[pri:0, instance:royalBrother.RentalRide1@729d991e]" started-at="2024-06-19T09:29:40 IST" name="setup" finished-at="2024-06-19T09:29:57 IST" duration-ms="16273" status="PASS">
          <reporter-output>
          </reporter-output>
        </test-method> <!-- setup -->
        <test-method signature="demotest1()[pri:0, instance:royalBrother.RentalRide1@729d991e]" started-at="2024-06-19T09:29:57 IST" name="demotest1" finished-at="2024-06-19T09:31:16 IST" duration-ms="79553" status="PASS">
          <reporter-output>
          </reporter-output>
        </test-method> <!-- demotest1 -->
      </class> <!-- royalBrother.RentalRide1 -->
    </test> <!-- Default test -->
  </suite> <!-- Default suite -->
</testng-results>
